INFO:     Started server process [7208]
INFO:     Waiting for application startup.
INFO:     Application startup complete.
INFO:     Uvicorn running on http://0.0.0.0:8000 (Press CTRL+C to quit)
INFO:     127.0.0.1:53117 - "GET / HTTP/1.1" 200 OK
INFO:     127.0.0.1:53128 - "POST /clientes HTTP/1.1" 201 Created
2026-06-14 16:36:33,062 [INFO] Arrancando radar para cliente_id=1
2026-06-14 16:36:33,067 [INFO] Cliente=Constructora Prueba SAS deps=['CUNDINAMARCA', 'BOGOT┴ D.C.'] unspsc=['72140000', '72120000'] presupuesto=[500000000,5000000000] where=upper(departamento_entidad) in('CUNDINAMARCA','BOGOT┴ D.C.') AND codigo_principal_categoria in('72140000','72120000') AND precio_base between 500000000 and 5000000000
2026-06-14 16:36:34,243 [WARNING] Intento 1/3 fallˇ al consultar Socrata: 400 Client Error: Bad Request for url: https://www.datos.gov.co/resource/p6dx-8zbt.json?%24limit=100&%24order=fecha_de_publicacion_del_proceso+DESC&%24where=upper%28departamento_entidad%29+in%28%27CUNDINAMARCA%27%2C%27BOGOT%C3%81+D.C.%27%29+AND+codigo_principal_categoria+in%28%2772140000%27%2C%2772120000%27%29+AND+precio_base+between+500000000+and+5000000000
2026-06-14 16:36:40,057 [WARNING] Intento 2/3 fallˇ al consultar Socrata: 400 Client Error: Bad Request for url: https://www.datos.gov.co/resource/p6dx-8zbt.json?%24limit=100&%24order=fecha_de_publicacion_del_proceso+DESC&%24where=upper%28departamento_entidad%29+in%28%27CUNDINAMARCA%27%2C%27BOGOT%C3%81+D.C.%27%29+AND+codigo_principal_categoria+in%28%2772140000%27%2C%2772120000%27%29+AND+precio_base+between+500000000+and+5000000000
2026-06-14 16:36:45,961 [WARNING] Intento 3/3 fallˇ al consultar Socrata: 400 Client Error: Bad Request for url: https://www.datos.gov.co/resource/p6dx-8zbt.json?%24limit=100&%24order=fecha_de_publicacion_del_proceso+DESC&%24where=upper%28departamento_entidad%29+in%28%27CUNDINAMARCA%27%2C%27BOGOT%C3%81+D.C.%27%29+AND+codigo_principal_categoria+in%28%2772140000%27%2C%2772120000%27%29+AND+precio_base+between+500000000+and+5000000000
2026-06-14 16:36:45,962 [ERROR] Radar fallˇ para cliente_id=1: Socrata no respondiˇ tras 3 reintentos: 400 Client Error: Bad Request for url: https://www.datos.gov.co/resource/p6dx-8zbt.json?%24limit=100&%24order=fecha_de_publicacion_del_proceso+DESC&%24where=upper%28departamento_entidad%29+in%28%27CUNDINAMARCA%27%2C%27BOGOT%C3%81+D.C.%27%29+AND+codigo_principal_categoria+in%28%2772140000%27%2C%2772120000%27%29+AND+precio_base+between+500000000+and+5000000000
Traceback (most recent call last):
  File "C:\Users\evely\Documents\secop-radar\backend\radar.py", line 204, in correr_radar
    registros = _consultar_socrata(where)
                ^^^^^^^^^^^^^^^^^^^^^^^^^
  File "C:\Users\evely\Documents\secop-radar\backend\radar.py", line 111, in _consultar_socrata
    raise RuntimeError(
RuntimeError: Socrata no respondiˇ tras 3 reintentos: 400 Client Error: Bad Request for url: https://www.datos.gov.co/resource/p6dx-8zbt.json?%24limit=100&%24order=fecha_de_publicacion_del_proceso+DESC&%24where=upper%28departamento_entidad%29+in%28%27CUNDINAMARCA%27%2C%27BOGOT%C3%81+D.C.%27%29+AND+codigo_principal_categoria+in%28%2772140000%27%2C%2772120000%27%29+AND+precio_base+between+500000000+and+5000000000
INFO:     127.0.0.1:64121 - "POST /radar/correr/1 HTTP/1.1" 200 OK
INFO:     127.0.0.1:58412 - "GET / HTTP/1.1" 200 OK
2026-06-14 16:47:54,766 [INFO] Arrancando radar para cliente_id=1
2026-06-14 16:47:54,767 [INFO] Cliente=Constructora Prueba SAS deps=['CUNDINAMARCA', 'BOGOT┴ D.C.'] unspsc=['72140000', '72120000'] presupuesto=[500000000,5000000000] where=upper(departamento_entidad) in('CUNDINAMARCA','BOGOT┴ D.C.') AND codigo_principal_categoria in('72140000','72120000') AND precio_base between 500000000 and 5000000000
2026-06-14 16:47:56,059 [WARNING] Intento 1/3 fallˇ al consultar Socrata: 400 Client Error: Bad Request for url: https://www.datos.gov.co/resource/p6dx-8zbt.json?%24limit=100&%24order=fecha_de_publicacion_del_proceso+DESC&%24where=upper%28departamento_entidad%29+in%28%27CUNDINAMARCA%27%2C%27BOGOT%C3%81+D.C.%27%29+AND+codigo_principal_categoria+in%28%2772140000%27%2C%2772120000%27%29+AND+precio_base+between+500000000+and+5000000000
2026-06-14 16:48:01,905 [WARNING] Intento 2/3 fallˇ al consultar Socrata: 400 Client Error: Bad Request for url: https://www.datos.gov.co/resource/p6dx-8zbt.json?%24limit=100&%24order=fecha_de_publicacion_del_proceso+DESC&%24where=upper%28departamento_entidad%29+in%28%27CUNDINAMARCA%27%2C%27BOGOT%C3%81+D.C.%27%29+AND+codigo_principal_categoria+in%28%2772140000%27%2C%2772120000%27%29+AND+precio_base+between+500000000+and+5000000000
2026-06-14 16:48:07,749 [WARNING] Intento 3/3 fallˇ al consultar Socrata: 400 Client Error: Bad Request for url: https://www.datos.gov.co/resource/p6dx-8zbt.json?%24limit=100&%24order=fecha_de_publicacion_del_proceso+DESC&%24where=upper%28departamento_entidad%29+in%28%27CUNDINAMARCA%27%2C%27BOGOT%C3%81+D.C.%27%29+AND+codigo_principal_categoria+in%28%2772140000%27%2C%2772120000%27%29+AND+precio_base+between+500000000+and+5000000000
2026-06-14 16:48:07,750 [ERROR] Radar fallˇ para cliente_id=1: Socrata no respondiˇ tras 3 reintentos: 400 Client Error: Bad Request for url: https://www.datos.gov.co/resource/p6dx-8zbt.json?%24limit=100&%24order=fecha_de_publicacion_del_proceso+DESC&%24where=upper%28departamento_entidad%29+in%28%27CUNDINAMARCA%27%2C%27BOGOT%C3%81+D.C.%27%29+AND+codigo_principal_categoria+in%28%2772140000%27%2C%2772120000%27%29+AND+precio_base+between+500000000+and+5000000000
Traceback (most recent call last):
  File "C:\Users\evely\Documents\secop-radar\backend\radar.py", line 204, in correr_radar
    "Cliente=%s deps=%s unspsc=%s presupuesto=[%s,%s] where=%s",
                ^^^^^^^^^^^^^^^^^^^^^^^^^
  File "C:\Users\evely\Documents\secop-radar\backend\radar.py", line 111, in _consultar_socrata
    except requests.RequestException as exc:
RuntimeError: Socrata no respondiˇ tras 3 reintentos: 400 Client Error: Bad Request for url: https://www.datos.gov.co/resource/p6dx-8zbt.json?%24limit=100&%24order=fecha_de_publicacion_del_proceso+DESC&%24where=upper%28departamento_entidad%29+in%28%27CUNDINAMARCA%27%2C%27BOGOT%C3%81+D.C.%27%29+AND+codigo_principal_categoria+in%28%2772140000%27%2C%2772120000%27%29+AND+precio_base+between+500000000+and+5000000000
INFO:     127.0.0.1:62521 - "POST /radar/correr/1 HTTP/1.1" 200 OK
